# JRE version: Java(TM) SE Runtime Environment (15.0.1+9) (build 15.0.1+9-18)
# Java VM: Java HotSpot(TM) 64-Bit Server VM (15.0.1+9-18, mixed mode, sharing, tiered, compressed oops, g1 gc, windows-amd64)
GC Precious Log:
 CPUs: 12 total, 12 available
 Memory: 16334M
 Large Page Support: Disabled
 NUMA Support: Disabled
 Compressed Oops: Enabled (Zero based)
 Heap Region Size: 2M
 Heap Min Capacity: 8M
 Heap Initial Capacity: 256M
 Heap Max Capacity: 4084M
 Pre-touch: Disabled
 Parallel Workers: 10
 Concurrent Workers: 3
 Concurrent Refinement Workers: 10
 Periodic GC: Disabled
Heap:
 garbage-first heap   total 262144K, used 127068K [0x0000000700c00000, 0x0000000800000000)
  region size 2048K, 64 young (131072K), 2 survivors (4096K)
 Metaspace       used 6742K, capacity 6862K, committed 7168K, reserved 1056768K
  class space    used 629K, capacity 704K, committed 768K, reserved 1048576K
GC Heap History (6 events):
Event: 2.562 GC heap before
{Heap before GC invocations=0 (full 0):
 garbage-first heap   total 262144K, used 22528K [0x0000000700c00000, 0x0000000800000000)
  region size 2048K, 11 young (22528K), 0 survivors (0K)
 Metaspace       used 6161K, capacity 6315K, committed 6656K, reserved 1056768K
  class space    used 607K, capacity 671K, committed 768K, reserved 1048576K
}
Event: 2.565 GC heap after
{Heap after GC invocations=1 (full 0):
 garbage-first heap   total 262144K, used 1945K [0x0000000700c00000, 0x0000000800000000)
  region size 2048K, 1 young (2048K), 1 survivors (2048K)
 Metaspace       used 6161K, capacity 6315K, committed 6656K, reserved 1056768K
  class space    used 607K, capacity 671K, committed 768K, reserved 1048576K
}
Event: 6.473 GC heap before
{Heap before GC invocations=1 (full 0):
 garbage-first heap   total 262144K, used 34713K [0x0000000700c00000, 0x0000000800000000)
  region size 2048K, 17 young (34816K), 1 survivors (2048K)
 Metaspace       used 6503K, capacity 6638K, committed 6912K, reserved 1056768K
  class space    used 616K, capacity 672K, committed 768K, reserved 1048576K
}
Event: 6.475 GC heap after
{Heap after GC invocations=2 (full 0):
 garbage-first heap   total 262144K, used 2044K [0x0000000700c00000, 0x0000000800000000)
  region size 2048K, 1 young (2048K), 1 survivors (2048K)
 Metaspace       used 6503K, capacity 6638K, committed 6912K, reserved 1056768K
  class space    used 616K, capacity 672K, committed 768K, reserved 1048576K
}
Event: 19.700 GC heap before
{Heap before GC invocations=2 (full 0):
 garbage-first heap   total 262144K, used 155644K [0x0000000700c00000, 0x0000000800000000)
  region size 2048K, 76 young (155648K), 1 survivors (2048K)
 Metaspace       used 6543K, capacity 6702K, committed 6912K, reserved 1056768K
  class space    used 616K, capacity 672K, committed 768K, reserved 1048576K
}
Event: 19.702 GC heap after
{Heap after GC invocations=3 (full 0):
 garbage-first heap   total 262144K, used 2140K [0x0000000700c00000, 0x0000000800000000)
  region size 2048K, 2 young (4096K), 2 survivors (4096K)
 Metaspace       used 6543K, capacity 6702K, committed 6912K, reserved 1056768K
  class space    used 616K, capacity 672K, committed 768K, reserved 1048576K
}

