# JRE version: Java(TM) SE Runtime Environment (15.0.1+9) (build 15.0.1+9-18)
# Java VM: Java HotSpot(TM) 64-Bit Server VM (15.0.1+9-18, mixed mode, sharing, tiered, compressed oops, g1 gc, windows-amd64)
GC Precious Log:
 CPUs: 12 total, 12 available
 Memory: 16334M
 Large Page Support: Disabled
 NUMA Support: Disabled
 Compressed Oops: Enabled (Zero based)
 Heap Region Size: 2M
 Heap Min Capacity: 8M
 Heap Initial Capacity: 256M
 Heap Max Capacity: 4084M
 Pre-touch: Disabled
 Parallel Workers: 10
 Concurrent Workers: 3
 Concurrent Refinement Workers: 10
 Periodic GC: Disabled
Heap:
 garbage-first heap   total 262144K, used 14432K [0x0000000700c00000, 0x0000000800000000)
  region size 2048K, 10 young (20480K), 2 survivors (4096K)
 Metaspace       used 6782K, capacity 6926K, committed 7168K, reserved 1056768K
  class space    used 631K, capacity 704K, committed 768K, reserved 1048576K
GC Heap History (10 events):
Event: 2.798 GC heap before
{Heap before GC invocations=0 (full 0):
 garbage-first heap   total 262144K, used 22528K [0x0000000700c00000, 0x0000000800000000)
  region size 2048K, 11 young (22528K), 0 survivors (0K)
 Metaspace       used 6502K, capacity 6638K, committed 6912K, reserved 1056768K
  class space    used 611K, capacity 672K, committed 768K, reserved 1048576K
}
Event: 2.800 GC heap after
{Heap after GC invocations=1 (full 0):
 garbage-first heap   total 262144K, used 1994K [0x0000000700c00000, 0x0000000800000000)
  region size 2048K, 1 young (2048K), 1 survivors (2048K)
 Metaspace       used 6502K, capacity 6638K, committed 6912K, reserved 1056768K
  class space    used 611K, capacity 672K, committed 768K, reserved 1048576K
}
Event: 5.979 GC heap before
{Heap before GC invocations=1 (full 0):
 garbage-first heap   total 262144K, used 34762K [0x0000000700c00000, 0x0000000800000000)
  region size 2048K, 17 young (34816K), 1 survivors (2048K)
 Metaspace       used 6514K, capacity 6638K, committed 6912K, reserved 1056768K
  class space    used 611K, capacity 672K, committed 768K, reserved 1048576K
}
Event: 5.981 GC heap after
{Heap after GC invocations=2 (full 0):
 garbage-first heap   total 262144K, used 2136K [0x0000000700c00000, 0x0000000800000000)
  region size 2048K, 2 young (4096K), 2 survivors (4096K)
 Metaspace       used 6514K, capacity 6638K, committed 6912K, reserved 1056768K
  class space    used 611K, capacity 672K, committed 768K, reserved 1048576K
}
Event: 17.925 GC heap before
{Heap before GC invocations=2 (full 0):
 garbage-first heap   total 262144K, used 153688K [0x0000000700c00000, 0x0000000800000000)
  region size 2048K, 76 young (155648K), 2 survivors (4096K)
 Metaspace       used 6628K, capacity 6798K, committed 6912K, reserved 1056768K
  class space    used 619K, capacity 704K, committed 768K, reserved 1048576K
}
Event: 17.927 GC heap after
{Heap after GC invocations=3 (full 0):
 garbage-first heap   total 262144K, used 2190K [0x0000000700c00000, 0x0000000800000000)
  region size 2048K, 2 young (4096K), 2 survivors (4096K)
 Metaspace       used 6628K, capacity 6798K, committed 6912K, reserved 1056768K
  class space    used 619K, capacity 704K, committed 768K, reserved 1048576K
}
Event: 28.983 GC heap before
{Heap before GC invocations=3 (full 0):
 garbage-first heap   total 262144K, used 153742K [0x0000000700c00000, 0x0000000800000000)
  region size 2048K, 76 young (155648K), 2 survivors (4096K)
 Metaspace       used 6628K, capacity 6798K, committed 6912K, reserved 1056768K
  class space    used 619K, capacity 704K, committed 768K, reserved 1048576K
}
Event: 28.985 GC heap after
{Heap after GC invocations=4 (full 0):
 garbage-first heap   total 262144K, used 2143K [0x0000000700c00000, 0x0000000800000000)
  region size 2048K, 2 young (4096K), 2 survivors (4096K)
 Metaspace       used 6628K, capacity 6798K, committed 6912K, reserved 1056768K
  class space    used 619K, capacity 704K, committed 768K, reserved 1048576K
}
Event: 39.315 GC heap before
{Heap before GC invocations=4 (full 0):
 garbage-first heap   total 262144K, used 153695K [0x0000000700c00000, 0x0000000800000000)
  region size 2048K, 76 young (155648K), 2 survivors (4096K)
 Metaspace       used 6628K, capacity 6798K, committed 6912K, reserved 1056768K
  class space    used 619K, capacity 704K, committed 768K, reserved 1048576K
}
Event: 39.317 GC heap after
{Heap after GC invocations=5 (full 0):
 garbage-first heap   total 262144K, used 2144K [0x0000000700c00000, 0x0000000800000000)
  region size 2048K, 2 young (4096K), 2 survivors (4096K)
 Metaspace       used 6628K, capacity 6798K, committed 6912K, reserved 1056768K
  class space    used 619K, capacity 704K, committed 768K, reserved 1048576K
}

